<?xml version="1.0" encoding="UTF-8" ?>
<testsuite failures="0" time="2.546" errors="0" skipped="0" tests="9" name="rcaller.RCallerTest">
  <properties>
    <property name="java.runtime.name" value="OpenJDK Runtime Environment"/>
    <property name="sun.boot.library.path" value="/usr/lib/jvm/java-1.6.0-openjdk-1.6.0/jre/lib/i386"/>
    <property name="java.vm.version" value="20.0-b11"/>
    <property name="java.vm.vendor" value="Sun Microsystems Inc."/>
    <property name="java.vendor.url" value="http://java.sun.com/"/>
    <property name="path.separator" value=":"/>
    <property name="java.vm.name" value="OpenJDK Server VM"/>
    <property name="file.encoding.pkg" value="sun.io"/>
    <property name="user.country" value="US"/>
    <property name="sun.java.launcher" value="SUN_STANDARD"/>
    <property name="sun.os.patch.level" value="unknown"/>
    <property name="java.vm.specification.name" value="Java Virtual Machine Specification"/>
    <property name="user.dir" value="/home/hako/NetBeansProjects/rcaller/RCaller"/>
    <property name="java.runtime.version" value="1.6.0_22-b22"/>
    <property name="java.awt.graphicsenv" value="sun.awt.X11GraphicsEnvironment"/>
    <property name="basedir" value="/home/hako/NetBeansProjects/rcaller/RCaller"/>
    <property name="java.endorsed.dirs" value="/usr/lib/jvm/java-1.6.0-openjdk-1.6.0/jre/lib/endorsed"/>
    <property name="os.arch" value="i386"/>
    <property name="surefire.real.class.path" value="/home/hako/NetBeansProjects/rcaller/RCaller/target/surefire/surefirebooter7174416648513830160.jar"/>
    <property name="javax.accessibility.assistive_technologies" value="org.GNOME.Accessibility.JavaBridge"/>
    <property name="java.io.tmpdir" value="/tmp"/>
    <property name="line.separator" value="
"/>
    <property name="java.vm.specification.vendor" value="Sun Microsystems Inc."/>
    <property name="os.name" value="Linux"/>
    <property name="sun.jnu.encoding" value="UTF-8"/>
    <property name="java.library.path" value="/usr/lib/jvm/java-1.6.0-openjdk-1.6.0/jre/lib/i386/server:/usr/lib/jvm/java-1.6.0-openjdk-1.6.0/jre/lib/i386:/usr/lib/jvm/java-1.6.0-openjdk-1.6.0/jre/../lib/i386:/usr/lib/jvm/java-1.6.0-openjdk-1.6.0/jre/lib/i386/client:/usr/lib/jvm/java-1.6.0-openjdk-1.6.0/jre/lib/i386:/usr/lib/jvm/java-1.6.0-openjdk-1.6.0/jre/../lib/i386:/usr/lib/mpi/gcc/openmpi/lib:/usr/java/packages/lib/i386:/lib:/usr/lib"/>
    <property name="surefire.test.class.path" value="/home/hako/NetBeansProjects/rcaller/RCaller/target/test-classes:/home/hako/NetBeansProjects/rcaller/RCaller/target/classes:/home/hako/.m2/repository/junit/junit/4.7/junit-4.7.jar:"/>
    <property name="java.specification.name" value="Java Platform API Specification"/>
    <property name="java.class.version" value="50.0"/>
    <property name="sun.management.compiler" value="HotSpot Tiered Compilers"/>
    <property name="os.version" value="2.6.37.6-0.7-desktop"/>
    <property name="user.home" value="/home/hako"/>
    <property name="user.timezone" value=""/>
    <property name="java.awt.printerjob" value="sun.print.PSPrinterJob"/>
    <property name="java.specification.version" value="1.6"/>
    <property name="file.encoding" value="UTF-8"/>
    <property name="user.name" value="hako"/>
    <property name="java.class.path" value="/home/hako/NetBeansProjects/rcaller/RCaller/target/test-classes:/home/hako/NetBeansProjects/rcaller/RCaller/target/classes:/home/hako/.m2/repository/junit/junit/4.7/junit-4.7.jar:"/>
    <property name="java.vm.specification.version" value="1.0"/>
    <property name="sun.arch.data.model" value="32"/>
    <property name="java.home" value="/usr/lib/jvm/java-1.6.0-openjdk-1.6.0/jre"/>
    <property name="sun.java.command" value="/home/hako/NetBeansProjects/rcaller/RCaller/target/surefire/surefirebooter7174416648513830160.jar /home/hako/NetBeansProjects/rcaller/RCaller/target/surefire/surefire6847832296753441852tmp /home/hako/NetBeansProjects/rcaller/RCaller/target/surefire/surefire1491715307530464542tmp"/>
    <property name="java.specification.vendor" value="Sun Microsystems Inc."/>
    <property name="user.language" value="en"/>
    <property name="java.vm.info" value="mixed mode"/>
    <property name="java.version" value="1.6.0_22"/>
    <property name="java.ext.dirs" value="/usr/lib/jvm/java-1.6.0-openjdk-1.6.0/jre/lib/ext:/usr/java/packages/lib/ext"/>
    <property name="sun.boot.class.path" value="/usr/lib/jvm/java-1.6.0-openjdk-1.6.0/jre/lib/resources.jar:/usr/lib/jvm/java-1.6.0-openjdk-1.6.0/jre/lib/rt.jar:/usr/lib/jvm/java-1.6.0-openjdk-1.6.0/jre/lib/sunrsasign.jar:/usr/lib/jvm/java-1.6.0-openjdk-1.6.0/jre/lib/jsse.jar:/usr/lib/jvm/java-1.6.0-openjdk-1.6.0/jre/lib/jce.jar:/usr/lib/jvm/java-1.6.0-openjdk-1.6.0/jre/lib/charsets.jar:/usr/lib/jvm/java-1.6.0-openjdk-1.6.0/jre/lib/netx.jar:/usr/lib/jvm/java-1.6.0-openjdk-1.6.0/jre/lib/plugin.jar:/usr/lib/jvm/java-1.6.0-openjdk-1.6.0/jre/lib/rhino.jar:/usr/lib/jvm/java-1.6.0-openjdk-1.6.0/jre/lib/modules/jdk.boot.jar:/usr/lib/jvm/java-1.6.0-openjdk-1.6.0/jre/classes"/>
    <property name="java.vendor" value="Sun Microsystems Inc."/>
    <property name="localRepository" value="/home/hako/.m2/repository"/>
    <property name="file.separator" value="/"/>
    <property name="java.vendor.url.bug" value="http://java.sun.com/cgi-bin/bugreport.cgi"/>
    <property name="sun.cpu.endian" value="little"/>
    <property name="sun.io.unicode.encoding" value="UnicodeLittle"/>
    <property name="sun.desktop" value="gnome"/>
    <property name="sun.cpu.isalist" value=""/>
  </properties>
  <testcase time="0.299" classname="rcaller.RCallerTest" name="testIntArrays"/>
  <testcase time="0.257" classname="rcaller.RCallerTest" name="testDoubleArrays"/>
  <testcase time="0.192" classname="rcaller.RCallerTest" name="testFloatArrays"/>
  <testcase time="0.197" classname="rcaller.RCallerTest" name="testStringArrays"/>
  <testcase time="0.195" classname="rcaller.RCallerTest" name="testLogicalArrays"/>
  <testcase time="0.196" classname="rcaller.RCallerTest" name="testLists"/>
  <testcase time="0.201" classname="rcaller.RCallerTest" name="TestLists2"/>
  <testcase time="0.786" classname="rcaller.RCallerTest" name="testPlot"/>
  <testcase time="0.213" classname="rcaller.RCallerTest" name="singleResultTest"/>
</testsuite>